<?xml version="1.0" encoding="UTF-8"?>
<!-- Generated by org.testng.reporters.JUnitReportReporter -->
<testsuite hostname="PMY02794" name="fr.chronopost.labs.data.CassandraAccessTest" tests="1" failures="0" timestamp="27 Mar 2015 22:13:04 GMT" time="0.600" errors="0">
  <testcase name="getTopBuzzwords" time="0.600" classname="fr.chronopost.labs.data.CassandraAccessTest"/>
</testsuite> <!-- fr.chronopost.labs.data.CassandraAccessTest -->
