<?xml version="1.0" encoding="UTF-8"?>
<!-- Generated by org.testng.reporters.JUnitReportReporter -->
<testsuite hostname="PMY02794" name="fr.chronopost.labs.utils.UtilsTest" tests="1" failures="0" timestamp="29 Mar 2015 18:24:52 GMT" time="0.011" errors="0">
  <testcase name="formatGraphData" time="0.011" classname="fr.chronopost.labs.utils.UtilsTest"/>
</testsuite> <!-- fr.chronopost.labs.utils.UtilsTest -->
